jan. 17, 2026 5:12:21 PM liquibase.changelog
INFORMAÇÕES: Reading resource: db/changelog/migrations/V1_db.changelog-202601121520.sql
jan. 17, 2026 5:12:21 PM liquibase.changelog
INFORMAÇÕES: Reading resource: db/changelog/migrations/V2_db.changelog-2026011211629.sql
jan. 17, 2026 5:12:21 PM liquibase.changelog
INFORMAÇÕES: Reading resource: db/changelog/migrations/V3_db.changelog-2026011211655.sql
jan. 17, 2026 5:12:21 PM liquibase.changelog
INFORMAÇÕES: Reading resource: db/changelog/migrations/V4_db.changelog-2026011211701.sql
jan. 17, 2026 5:12:21 PM liquibase.changelog
INFORMAÇÕES: Reading resource: db/changelog/migrations/V5_db.changelog-202601171656.sql
jan. 17, 2026 5:12:21 PM liquibase.changelog
INFORMAÇÕES: Reading from board.databasechangelog
jan. 17, 2026 5:12:21 PM liquibase.lockservice
INFORMAÇÕES: Successfully acquired change log lock
jan. 17, 2026 5:12:21 PM liquibase.command
INFORMAÇÕES: Using deploymentId: 8680741489
jan. 17, 2026 5:12:21 PM liquibase.changelog
INFORMAÇÕES: Reading from board.databasechangelog
Running Changeset: db/changelog/migrations/V4_db.changelog-2026011211701.sql::202601121712::gabriel
jan. 17, 2026 5:12:21 PM liquibase.changelog
INFORMAÇÕES: Custom SQL executed
jan. 17, 2026 5:12:21 PM liquibase.changelog
INFORMAÇÕES: ChangeSet db/changelog/migrations/V4_db.changelog-2026011211701.sql::202601121712::gabriel ran successfully in 44ms
Running Changeset: db/changelog/migrations/V5_db.changelog-202601171656.sql::202601171656::gabriel
jan. 17, 2026 5:12:21 PM liquibase.changelog
INFORMAÇÕES: Custom SQL executed
jan. 17, 2026 5:12:21 PM liquibase.changelog
INFORMAÇÕES: ChangeSet db/changelog/migrations/V5_db.changelog-202601171656.sql::202601171656::gabriel ran successfully in 49ms

UPDATE SUMMARY
Run:                          2
Previously run:               3
Filtered out:                 0
-------------------------------
Total change sets:            5

jan. 17, 2026 5:12:21 PM liquibase.util
INFORMAÇÕES: UPDATE SUMMARY
jan. 17, 2026 5:12:21 PM liquibase.util
INFORMAÇÕES: Run:                          2
jan. 17, 2026 5:12:21 PM liquibase.util
INFORMAÇÕES: Previously run:               3
jan. 17, 2026 5:12:21 PM liquibase.util
INFORMAÇÕES: Filtered out:                 0
jan. 17, 2026 5:12:21 PM liquibase.util
INFORMAÇÕES: -------------------------------
jan. 17, 2026 5:12:21 PM liquibase.util
INFORMAÇÕES: Total change sets:            5
jan. 17, 2026 5:12:21 PM liquibase.util
INFORMAÇÕES: Update summary generated
jan. 17, 2026 5:12:21 PM liquibase.command
INFORMAÇÕES: Update command completed successfully.
Liquibase: Update has been successful. Rows affected: 2
jan. 17, 2026 5:12:21 PM liquibase.lockservice
INFORMAÇÕES: Successfully released change log lock
jan. 17, 2026 5:12:21 PM liquibase.command
INFORMAÇÕES: Command execution complete
